<?xml version="1.0" encoding="UTF-8"?>
<!-- Generated by org.testng.reporters.JUnitXMLReporter -->
<testsuite hostname="LAPTOP-AL9J66UL" ignored="2" name="Surefire test" tests="1" failures="1" timestamp="18 四月 2020 04:28:36 GMT" time="0.094" errors="0">
  <testcase name="@BeforeTest beforeTestBase" time="0.077" classname="com.zd.interview_test.base.TestCaseBase">
    <failure type="java.lang.IllegalStateException" message="The driver executable does not exist: D:\newcode\interview_test\chromedriver_win32">
      <![CDATA[java.lang.IllegalStateException: The driver executable does not exist: D:\newcode\interview_test\chromedriver_win32
at com.google.common.base.Preconditions.checkState(Preconditions.java:585)
at org.openqa.selenium.remote.service.DriverService.checkExecutable(DriverService.java:136)
at org.openqa.selenium.remote.service.DriverService.findExecutable(DriverService.java:131)
at org.openqa.selenium.chrome.ChromeDriverService.access$000(ChromeDriverService.java:33)
at org.openqa.selenium.chrome.ChromeDriverService$Builder.findDefaultExecutable(ChromeDriverService.java:139)
at org.openqa.selenium.remote.service.DriverService$Builder.build(DriverService.java:335)
at org.openqa.selenium.chrome.ChromeDriverService.createDefaultService(ChromeDriverService.java:89)
at org.openqa.selenium.chrome.ChromeDriver.<init>(ChromeDriver.java:123)
at com.zd.interview_test.driver.DriverBase.launch(DriverBase.java:96)
at com.zd.interview_test.base.TestCaseBase.beforeTestBase(TestCaseBase.java:13)
... Removed 29 stack frames]]>
    </failure>
  </testcase> <!-- @BeforeTest beforeTestBase -->
  <testcase name="@BeforeClass beforeBaseClass" time="0.0" classname="com.zd.interview_test.test.ImagePageTest">
    <skipped/>
  </testcase> <!-- @BeforeClass beforeBaseClass -->
  <testcase name="imageSearch_Test" time="0.0" classname="com.zd.interview_test.test.ImagePageTest">
    <failure type="org.testng.TestNGException" message="
Cannot inject @Test annotated Method [imageSearch_Test] with [class java.lang.String].
For more information on native dependency injection please refer to http://testng.org/doc/documentation-main.html#native-dependency-injection">
      <![CDATA[org.testng.TestNGException: 
Cannot inject @Test annotated Method [imageSearch_Test] with [class java.lang.String].
For more information on native dependency injection please refer to http://testng.org/doc/documentation-main.html#native-dependency-injection
... Removed 29 stack frames]]>
    </failure>
  </testcase> <!-- imageSearch_Test -->
  <testcase name="@BeforeTest beforeTestBase" time="0.0" classname="com.zd.interview_test.base.TestCaseBase">
    <ignored/>
  </testcase> <!-- @BeforeTest beforeTestBase -->
  <testcase name="@AfterTest afterTest" time="0.0" classname="com.zd.interview_test.base.TestCaseBase">
    <ignored/>
  </testcase> <!-- @AfterTest afterTest -->
</testsuite> <!-- Surefire test -->
