<?xml version="1.0" encoding="UTF-8"?>
<testsuite xmlns:xsi="http://www.w3.org/2001/XMLSchema-instance" xsi:noNamespaceSchemaLocation="https://maven.apache.org/surefire/maven-surefire-plugin/xsd/surefire-test-report.xsd" name="TestSuite" time="0.848" tests="3" errors="0" skipped="1" failures="2">
  <properties>
    <property name="sun.desktop" value="windows"/>
    <property name="awt.toolkit" value="sun.awt.windows.WToolkit"/>
    <property name="file.encoding.pkg" value="sun.io"/>
    <property name="java.specification.version" value="1.8"/>
    <property name="sun.cpu.isalist" value="amd64"/>
    <property name="sun.jnu.encoding" value="GBK"/>
    <property name="java.class.path" value="D:\newcode\interview_test\target\test-classes;D:\newcode\interview_test\target\classes;D:\mavenpool\org\seleniumhq\selenium\selenium-java\3.12.0\selenium-java-3.12.0.jar;D:\mavenpool\org\seleniumhq\selenium\selenium-api\3.12.0\selenium-api-3.12.0.jar;D:\mavenpool\org\seleniumhq\selenium\selenium-chrome-driver\3.12.0\selenium-chrome-driver-3.12.0.jar;D:\mavenpool\org\seleniumhq\selenium\selenium-edge-driver\3.12.0\selenium-edge-driver-3.12.0.jar;D:\mavenpool\org\seleniumhq\selenium\selenium-firefox-driver\3.12.0\selenium-firefox-driver-3.12.0.jar;D:\mavenpool\org\seleniumhq\selenium\selenium-ie-driver\3.12.0\selenium-ie-driver-3.12.0.jar;D:\mavenpool\org\seleniumhq\selenium\selenium-opera-driver\3.12.0\selenium-opera-driver-3.12.0.jar;D:\mavenpool\org\seleniumhq\selenium\selenium-remote-driver\3.12.0\selenium-remote-driver-3.12.0.jar;D:\mavenpool\org\seleniumhq\selenium\selenium-safari-driver\3.12.0\selenium-safari-driver-3.12.0.jar;D:\mavenpool\org\seleniumhq\selenium\selenium-support\3.12.0\selenium-support-3.12.0.jar;D:\mavenpool\net\bytebuddy\byte-buddy\1.8.3\byte-buddy-1.8.3.jar;D:\mavenpool\org\apache\commons\commons-exec\1.3\commons-exec-1.3.jar;D:\mavenpool\commons-codec\commons-codec\1.10\commons-codec-1.10.jar;D:\mavenpool\commons-logging\commons-logging\1.2\commons-logging-1.2.jar;D:\mavenpool\com\google\code\gson\gson\2.8.2\gson-2.8.2.jar;D:\mavenpool\com\google\guava\guava\23.6-jre\guava-23.6-jre.jar;D:\mavenpool\com\google\code\findbugs\jsr305\1.3.9\jsr305-1.3.9.jar;D:\mavenpool\org\checkerframework\checker-compat-qual\2.0.0\checker-compat-qual-2.0.0.jar;D:\mavenpool\com\google\errorprone\error_prone_annotations\2.1.3\error_prone_annotations-2.1.3.jar;D:\mavenpool\com\google\j2objc\j2objc-annotations\1.1\j2objc-annotations-1.1.jar;D:\mavenpool\org\codehaus\mojo\animal-sniffer-annotations\1.14\animal-sniffer-annotations-1.14.jar;D:\mavenpool\org\apache\httpcomponents\httpclient\4.5.3\httpclient-4.5.3.jar;D:\mavenpool\org\apache\httpcomponents\httpcore\4.4.6\httpcore-4.4.6.jar;D:\mavenpool\com\squareup\okhttp3\okhttp\3.9.1\okhttp-3.9.1.jar;D:\mavenpool\com\squareup\okio\okio\1.13.0\okio-1.13.0.jar;D:\mavenpool\org\testng\testng\6.14.3\testng-6.14.3.jar;D:\mavenpool\com\beust\jcommander\1.72\jcommander-1.72.jar;D:\mavenpool\org\apache-extras\beanshell\bsh\2.0b6\bsh-2.0b6.jar;D:\mavenpool\commons-io\commons-io\2.4\commons-io-2.4.jar;D:\mavenpool\commons-lang\commons-lang\2.6\commons-lang-2.6.jar;"/>
    <property name="java.vm.vendor" value="Oracle Corporation"/>
    <property name="sun.arch.data.model" value="64"/>
    <property name="user.variant" value=""/>
    <property name="java.vendor.url" value="http://java.oracle.com/"/>
    <property name="user.timezone" value="Asia/Shanghai"/>
    <property name="java.vm.specification.version" value="1.8"/>
    <property name="os.name" value="Windows 10"/>
    <property name="user.country" value="CN"/>
    <property name="sun.java.launcher" value="SUN_STANDARD"/>
    <property name="sun.boot.library.path" value="C:\Program Files\Java\jdk1.8.0_121\jre\bin"/>
    <property name="sun.java.command" value="C:\Users\zuodi\AppData\Local\Temp\surefire5262400275543454763\surefirebooter204837428932990699.jar C:\Users\zuodi\AppData\Local\Temp\surefire5262400275543454763 2020-04-18T12-28-34_006-jvmRun1 surefire6892087605330722569tmp surefire_06097267413086645051tmp"/>
    <property name="surefire.test.class.path" value="D:\newcode\interview_test\target\test-classes;D:\newcode\interview_test\target\classes;D:\mavenpool\org\seleniumhq\selenium\selenium-java\3.12.0\selenium-java-3.12.0.jar;D:\mavenpool\org\seleniumhq\selenium\selenium-api\3.12.0\selenium-api-3.12.0.jar;D:\mavenpool\org\seleniumhq\selenium\selenium-chrome-driver\3.12.0\selenium-chrome-driver-3.12.0.jar;D:\mavenpool\org\seleniumhq\selenium\selenium-edge-driver\3.12.0\selenium-edge-driver-3.12.0.jar;D:\mavenpool\org\seleniumhq\selenium\selenium-firefox-driver\3.12.0\selenium-firefox-driver-3.12.0.jar;D:\mavenpool\org\seleniumhq\selenium\selenium-ie-driver\3.12.0\selenium-ie-driver-3.12.0.jar;D:\mavenpool\org\seleniumhq\selenium\selenium-opera-driver\3.12.0\selenium-opera-driver-3.12.0.jar;D:\mavenpool\org\seleniumhq\selenium\selenium-remote-driver\3.12.0\selenium-remote-driver-3.12.0.jar;D:\mavenpool\org\seleniumhq\selenium\selenium-safari-driver\3.12.0\selenium-safari-driver-3.12.0.jar;D:\mavenpool\org\seleniumhq\selenium\selenium-support\3.12.0\selenium-support-3.12.0.jar;D:\mavenpool\net\bytebuddy\byte-buddy\1.8.3\byte-buddy-1.8.3.jar;D:\mavenpool\org\apache\commons\commons-exec\1.3\commons-exec-1.3.jar;D:\mavenpool\commons-codec\commons-codec\1.10\commons-codec-1.10.jar;D:\mavenpool\commons-logging\commons-logging\1.2\commons-logging-1.2.jar;D:\mavenpool\com\google\code\gson\gson\2.8.2\gson-2.8.2.jar;D:\mavenpool\com\google\guava\guava\23.6-jre\guava-23.6-jre.jar;D:\mavenpool\com\google\code\findbugs\jsr305\1.3.9\jsr305-1.3.9.jar;D:\mavenpool\org\checkerframework\checker-compat-qual\2.0.0\checker-compat-qual-2.0.0.jar;D:\mavenpool\com\google\errorprone\error_prone_annotations\2.1.3\error_prone_annotations-2.1.3.jar;D:\mavenpool\com\google\j2objc\j2objc-annotations\1.1\j2objc-annotations-1.1.jar;D:\mavenpool\org\codehaus\mojo\animal-sniffer-annotations\1.14\animal-sniffer-annotations-1.14.jar;D:\mavenpool\org\apache\httpcomponents\httpclient\4.5.3\httpclient-4.5.3.jar;D:\mavenpool\org\apache\httpcomponents\httpcore\4.4.6\httpcore-4.4.6.jar;D:\mavenpool\com\squareup\okhttp3\okhttp\3.9.1\okhttp-3.9.1.jar;D:\mavenpool\com\squareup\okio\okio\1.13.0\okio-1.13.0.jar;D:\mavenpool\org\testng\testng\6.14.3\testng-6.14.3.jar;D:\mavenpool\com\beust\jcommander\1.72\jcommander-1.72.jar;D:\mavenpool\org\apache-extras\beanshell\bsh\2.0b6\bsh-2.0b6.jar;D:\mavenpool\commons-io\commons-io\2.4\commons-io-2.4.jar;D:\mavenpool\commons-lang\commons-lang\2.6\commons-lang-2.6.jar;"/>
    <property name="sun.cpu.endian" value="little"/>
    <property name="user.home" value="C:\Users\zuodi"/>
    <property name="user.language" value="zh"/>
    <property name="java.specification.vendor" value="Oracle Corporation"/>
    <property name="java.home" value="C:\Program Files\Java\jdk1.8.0_121\jre"/>
    <property name="basedir" value="D:\newcode\interview_test"/>
    <property name="file.separator" value="\"/>
    <property name="line.separator" value="&#10;"/>
    <property name="java.vm.specification.vendor" value="Oracle Corporation"/>
    <property name="java.specification.name" value="Java Platform API Specification"/>
    <property name="java.awt.graphicsenv" value="sun.awt.Win32GraphicsEnvironment"/>
    <property name="surefire.real.class.path" value="C:\Users\zuodi\AppData\Local\Temp\surefire5262400275543454763\surefirebooter204837428932990699.jar"/>
    <property name="sun.boot.class.path" value="C:\Program Files\Java\jdk1.8.0_121\jre\lib\resources.jar;C:\Program Files\Java\jdk1.8.0_121\jre\lib\rt.jar;C:\Program Files\Java\jdk1.8.0_121\jre\lib\sunrsasign.jar;C:\Program Files\Java\jdk1.8.0_121\jre\lib\jsse.jar;C:\Program Files\Java\jdk1.8.0_121\jre\lib\jce.jar;C:\Program Files\Java\jdk1.8.0_121\jre\lib\charsets.jar;C:\Program Files\Java\jdk1.8.0_121\jre\lib\jfr.jar;C:\Program Files\Java\jdk1.8.0_121\jre\classes"/>
    <property name="user.script" value=""/>
    <property name="sun.management.compiler" value="HotSpot 64-Bit Tiered Compilers"/>
    <property name="java.runtime.version" value="1.8.0_121-b13"/>
    <property name="user.name" value="zuodi"/>
    <property name="path.separator" value=";"/>
    <property name="os.version" value="10.0"/>
    <property name="java.endorsed.dirs" value="C:\Program Files\Java\jdk1.8.0_121\jre\lib\endorsed"/>
    <property name="java.runtime.name" value="Java(TM) SE Runtime Environment"/>
    <property name="file.encoding" value="GBK"/>
    <property name="java.vm.name" value="Java HotSpot(TM) 64-Bit Server VM"/>
    <property name="localRepository" value="D:\mavenpool"/>
    <property name="java.vendor.url.bug" value="http://bugreport.sun.com/bugreport/"/>
    <property name="java.io.tmpdir" value="C:\Users\zuodi\AppData\Local\Temp\"/>
    <property name="java.version" value="1.8.0_121"/>
    <property name="user.dir" value="D:\newcode\interview_test"/>
    <property name="os.arch" value="amd64"/>
    <property name="java.vm.specification.name" value="Java Virtual Machine Specification"/>
    <property name="java.awt.printerjob" value="sun.awt.windows.WPrinterJob"/>
    <property name="sun.os.patch.level" value=""/>
    <property name="java.library.path" value="C:\Program Files\Java\jdk1.8.0_121\jre\bin;C:\Windows\Sun\Java\bin;C:\Windows\system32;C:\Windows;C:/Program Files/Java/jre1.8.0_121/bin/server;C:/Program Files/Java/jre1.8.0_121/bin;C:/Program Files/Java/jre1.8.0_121/lib/amd64;C:\Program Files (x86)\Google\Chrome\Application;C:\ProgramData\Oracle\Java\javapath;C:\Windows\system32;C:\Windows;C:\Windows\System32\Wbem;C:\Windows\System32\WindowsPowerShell\v1.0\;C:\Windows\System32\OpenSSH\;C:\Program Files (x86)\NVIDIA Corporation\PhysX\Common;C:\Program Files\NVIDIA Corporation\NVIDIA NvDLISR;C:\Program Files\Git\cmd;D:\software\apache-maven-3.6.3\bin;C:\Program Files\Java\jdk1.8.0_121\bin;C:\Program Files\Java\jdk1.8.0_121\jre\bin;C:\Users\zuodi\AppData\Local\Microsoft\WindowsApps;;C:\Users\zuodi\Downloads;;."/>
    <property name="java.vm.info" value="mixed mode"/>
    <property name="java.vendor" value="Oracle Corporation"/>
    <property name="java.vm.version" value="25.121-b13"/>
    <property name="java.ext.dirs" value="C:\Program Files\Java\jdk1.8.0_121\jre\lib\ext;C:\Windows\Sun\Java\lib\ext"/>
    <property name="sun.io.unicode.encoding" value="UnicodeLittle"/>
    <property name="java.class.version" value="52.0"/>
  </properties>
  <testcase name="beforeTestBase" classname="com.zd.interview_test.base.TestCaseBase" time="0.718">
    <failure message="The driver executable does not exist: D:\newcode\interview_test\chromedriver_win32" type="java.lang.IllegalStateException">java.lang.IllegalStateException: The driver executable does not exist: D:\newcode\interview_test\chromedriver_win32
	at com.zd.interview_test.base.TestCaseBase.beforeTestBase(TestCaseBase.java:13)
</failure>
    <system-err><![CDATA[四月 18, 2020 12:28:36 下午 com.zd.interview_test.driver.DriverBase launch
信息: 打开Chrome浏览器
]]></system-err>
  </testcase>
  <testcase name="beforeBaseClass" classname="com.zd.interview_test.test.ImagePageTest" time="0">
    <skipped/>
  </testcase>
  <testcase name="imageSearch_Test" classname="com.zd.interview_test.test.ImagePageTest" time="0.736">
    <failure message="&#10;Cannot inject @Test annotated Method [imageSearch_Test] with [class java.lang.String].&#10;For more information on native dependency injection please refer to http://testng.org/doc/documentation-main.html#native-dependency-injection" type="org.testng.TestNGException">org.testng.TestNGException: 

Cannot inject @Test annotated Method [imageSearch_Test] with [class java.lang.String].
For more information on native dependency injection please refer to http://testng.org/doc/documentation-main.html#native-dependency-injection
</failure>
    <system-err><![CDATA[[Utils] [ERROR] [Error] org.testng.TestNGException: 
Cannot inject @Test annotated Method [imageSearch_Test] with [class java.lang.String].
For more information on native dependency injection please refer to http://testng.org/doc/documentation-main.html#native-dependency-injection
	at org.testng.internal.Parameters.checkParameterTypes(Parameters.java:407)
	at org.testng.internal.Parameters.createParametersForMethod(Parameters.java:356)
	at org.testng.internal.Parameters.createParameters(Parameters.java:635)
	at org.testng.internal.Parameters.handleParameters(Parameters.java:769)
	at org.testng.internal.ParameterHandler.handleParameters(ParameterHandler.java:49)
	at org.testng.internal.ParameterHandler.createParameters(ParameterHandler.java:37)
	at org.testng.internal.Invoker.invokeTestMethods(Invoker.java:924)
	at org.testng.internal.TestMethodWorker.invokeTestMethods(TestMethodWorker.java:125)
	at org.testng.internal.TestMethodWorker.run(TestMethodWorker.java:109)
	at org.testng.TestRunner.privateRun(TestRunner.java:648)
	at org.testng.TestRunner.run(TestRunner.java:505)
	at org.testng.SuiteRunner.runTest(SuiteRunner.java:455)
	at org.testng.SuiteRunner.runSequentially(SuiteRunner.java:450)
	at org.testng.SuiteRunner.privateRun(SuiteRunner.java:415)
	at org.testng.SuiteRunner.run(SuiteRunner.java:364)
	at org.testng.SuiteRunnerWorker.runSuite(SuiteRunnerWorker.java:52)
	at org.testng.SuiteRunnerWorker.run(SuiteRunnerWorker.java:84)
	at org.testng.TestNG.runSuitesSequentially(TestNG.java:1208)
	at org.testng.TestNG.runSuitesLocally(TestNG.java:1137)
	at org.testng.TestNG.runSuites(TestNG.java:1049)
	at org.testng.TestNG.run(TestNG.java:1017)
	at org.apache.maven.surefire.testng.TestNGExecutor.run(TestNGExecutor.java:135)
	at org.apache.maven.surefire.testng.TestNGDirectoryTestSuite.executeMulti(TestNGDirectoryTestSuite.java:193)
	at org.apache.maven.surefire.testng.TestNGDirectoryTestSuite.execute(TestNGDirectoryTestSuite.java:94)
	at org.apache.maven.surefire.testng.TestNGProvider.invoke(TestNGProvider.java:146)
	at org.apache.maven.surefire.booter.ForkedBooter.invokeProviderInSameClassLoader(ForkedBooter.java:384)
	at org.apache.maven.surefire.booter.ForkedBooter.runSuitesInProcess(ForkedBooter.java:345)
	at org.apache.maven.surefire.booter.ForkedBooter.execute(ForkedBooter.java:126)
	at org.apache.maven.surefire.booter.ForkedBooter.main(ForkedBooter.java:418)

]]></system-err>
  </testcase>
</testsuite>